# JRE version: OpenJDK Runtime Environment Corretto-11.0.15.9.1 (11.0.15+9) (build 11.0.15+9-LTS)
# Java VM: OpenJDK 64-Bit Server VM Corretto-11.0.15.9.1 (11.0.15+9-LTS, mixed mode, tiered, compressed oops, g1 gc, windows-amd64)
Heap:
 garbage-first heap   total 65536K, used 33341K [0x00000000e0000000, 0x0000000100000000)
  region size 1024K, 18 young (18432K), 3 survivors (3072K)
 Metaspace       used 34138K, capacity 35311K, committed 35456K, reserved 1081344K
  class space    used 4028K, capacity 4466K, committed 4480K, reserved 1048576K
GC Heap History (14 events):
Event: 4.195 GC heap before
{Heap before GC invocations=0 (full 0):
 garbage-first heap   total 65536K, used 14336K [0x00000000e0000000, 0x0000000100000000)
  region size 1024K, 14 young (14336K), 0 survivors (0K)
 Metaspace       used 11308K, capacity 11587K, committed 11776K, reserved 1060864K
  class space    used 1121K, capacity 1214K, committed 1280K, reserved 1048576K
}
Event: 4.224 GC heap after
{Heap after GC invocations=1 (full 0):
 garbage-first heap   total 65536K, used 5761K [0x00000000e0000000, 0x0000000100000000)
  region size 1024K, 2 young (2048K), 2 survivors (2048K)
 Metaspace       used 11308K, capacity 11587K, committed 11776K, reserved 1060864K
  class space    used 1121K, capacity 1214K, committed 1280K, reserved 1048576K
}
Event: 5.290 GC heap before
{Heap before GC invocations=1 (full 0):
 garbage-first heap   total 65536K, used 8833K [0x00000000e0000000, 0x0000000100000000)
  region size 1024K, 5 young (5120K), 2 survivors (2048K)
 Metaspace       used 12723K, capacity 13031K, committed 13312K, reserved 1060864K
  class space    used 1304K, capacity 1419K, committed 1536K, reserved 1048576K
}
Event: 5.337 GC heap after
{Heap after GC invocations=2 (full 0):
 garbage-first heap   total 65536K, used 6085K [0x00000000e0000000, 0x0000000100000000)
  region size 1024K, 1 young (1024K), 1 survivors (1024K)
 Metaspace       used 12723K, capacity 13031K, committed 13312K, reserved 1060864K
  class space    used 1304K, capacity 1419K, committed 1536K, reserved 1048576K
}
Event: 6.886 GC heap before
{Heap before GC invocations=2 (full 0):
 garbage-first heap   total 65536K, used 24517K [0x00000000e0000000, 0x0000000100000000)
  region size 1024K, 19 young (19456K), 1 survivors (1024K)
 Metaspace       used 16376K, capacity 17049K, committed 17280K, reserved 1064960K
  class space    used 1831K, capacity 2082K, committed 2176K, reserved 1048576K
}
Event: 6.890 GC heap after
{Heap after GC invocations=3 (full 0):
 garbage-first heap   total 65536K, used 6914K [0x00000000e0000000, 0x0000000100000000)
  region size 1024K, 2 young (2048K), 2 survivors (2048K)
 Metaspace       used 16376K, capacity 17049K, committed 17280K, reserved 1064960K
  class space    used 1831K, capacity 2082K, committed 2176K, reserved 1048576K
}
Event: 8.041 GC heap before
{Heap before GC invocations=3 (full 0):
 garbage-first heap   total 65536K, used 22274K [0x00000000e0000000, 0x0000000100000000)
  region size 1024K, 19 young (19456K), 2 survivors (2048K)
 Metaspace       used 20352K, capacity 21088K, committed 21248K, reserved 1069056K
  class space    used 2257K, capacity 2533K, committed 2560K, reserved 1048576K
}
Event: 8.050 GC heap after
{Heap after GC invocations=4 (full 0):
 garbage-first heap   total 65536K, used 9024K [0x00000000e0000000, 0x0000000100000000)
  region size 1024K, 4 young (4096K), 4 survivors (4096K)
 Metaspace       used 20352K, capacity 21088K, committed 21248K, reserved 1069056K
  class space    used 2257K, capacity 2533K, committed 2560K, reserved 1048576K
}
Event: 9.196 GC heap before
{Heap before GC invocations=5 (full 0):
 garbage-first heap   total 65536K, used 34624K [0x00000000e0000000, 0x0000000100000000)
  region size 1024K, 30 young (30720K), 4 survivors (4096K)
 Metaspace       used 22703K, capacity 23495K, committed 23680K, reserved 1071104K
  class space    used 2555K, capacity 2870K, committed 2944K, reserved 1048576K
}
Event: 9.209 GC heap after
{Heap after GC invocations=6 (full 0):
 garbage-first heap   total 65536K, used 11604K [0x00000000e0000000, 0x0000000100000000)
  region size 1024K, 3 young (3072K), 3 survivors (3072K)
 Metaspace       used 22703K, capacity 23495K, committed 23680K, reserved 1071104K
  class space    used 2555K, capacity 2870K, committed 2944K, reserved 1048576K
}
Event: 10.662 GC heap before
{Heap before GC invocations=6 (full 0):
 garbage-first heap   total 65536K, used 39252K [0x00000000e0000000, 0x0000000100000000)
  region size 1024K, 30 young (30720K), 3 survivors (3072K)
 Metaspace       used 27665K, capacity 28561K, committed 28672K, reserved 1075200K
  class space    used 3156K, capacity 3496K, committed 3584K, reserved 1048576K
}
Event: 10.669 GC heap after
{Heap after GC invocations=7 (full 0):
 garbage-first heap   total 65536K, used 13191K [0x00000000e0000000, 0x0000000100000000)
  region size 1024K, 2 young (2048K), 2 survivors (2048K)
 Metaspace       used 27665K, capacity 28561K, committed 28672K, reserved 1075200K
  class space    used 3156K, capacity 3496K, committed 3584K, reserved 1048576K
}
Event: 20.898 GC heap before
{Heap before GC invocations=7 (full 0):
 garbage-first heap   total 65536K, used 45959K [0x00000000e0000000, 0x0000000100000000)
  region size 1024K, 29 young (29696K), 2 survivors (2048K)
 Metaspace       used 31600K, capacity 32620K, committed 32896K, reserved 1077248K
  class space    used 3720K, capacity 4124K, committed 4224K, reserved 1048576K
}
Event: 20.903 GC heap after
{Heap after GC invocations=8 (full 0):
 garbage-first heap   total 65536K, used 19005K [0x00000000e0000000, 0x0000000100000000)
  region size 1024K, 3 young (3072K), 3 survivors (3072K)
 Metaspace       used 31600K, capacity 32620K, committed 32896K, reserved 1077248K
  class space    used 3720K, capacity 4124K, committed 4224K, reserved 1048576K
}

